{"/import/adams/7/z5428854/invoice-seng2021-24t1-eggs/backend/app.js": {"path":"/import/adams/7/z5428854/invoice-seng2021-24t1-eggs/backend/app.js","statementMap":{"0":{"start":{"line":1,"column":16},"end":{"line":1,"column":34}},"1":{"start":{"line":2,"column":12},"end":{"line":2,"column":21}},"2":{"start":{"line":3,"column":19},"end":{"line":3,"column":41}},"3":{"start":{"line":4,"column":21},"end":{"line":4,"column":54}},"4":{"start":{"line":5,"column":13},"end":{"line":5,"column":17}},"5":{"start":{"line":6,"column":25},"end":{"line":6,"column":64}},"6":{"start":{"line":7,"column":29},"end":{"line":7,"column":72}},"7":{"start":{"line":8,"column":25},"end":{"line":8,"column":68}},"8":{"start":{"line":9,"column":21},"end":{"line":9,"column":56}},"9":{"start":{"line":10,"column":18},"end":{"line":10,"column":50}},"10":{"start":{"line":11,"column":21},"end":{"line":11,"column":56}},"11":{"start":{"line":12,"column":27},"end":{"line":12,"column":56}},"12":{"start":{"line":14,"column":0},"end":{"line":14,"column":24}},"13":{"start":{"line":15,"column":0},"end":{"line":15,"column":24}},"14":{"start":{"line":16,"column":0},"end":{"line":16,"column":27}},"15":{"start":{"line":18,"column":0},"end":{"line":20,"column":3}},"16":{"start":{"line":19,"column":2},"end":{"line":19,"column":27}},"17":{"start":{"line":22,"column":0},"end":{"line":32,"column":3}},"18":{"start":{"line":23,"column":41},"end":{"line":23,"column":49}},"19":{"start":{"line":25,"column":2},"end":{"line":31,"column":3}},"20":{"start":{"line":26,"column":22},"end":{"line":26,"column":72}},"21":{"start":{"line":27,"column":4},"end":{"line":27,"column":55}},"22":{"start":{"line":29,"column":4},"end":{"line":29,"column":25}},"23":{"start":{"line":30,"column":4},"end":{"line":30,"column":76}},"24":{"start":{"line":34,"column":0},"end":{"line":37,"column":3}},"25":{"start":{"line":35,"column":39},"end":{"line":35,"column":47}},"26":{"start":{"line":36,"column":2},"end":{"line":36,"column":77}},"27":{"start":{"line":39,"column":0},"end":{"line":41,"column":3}},"28":{"start":{"line":40,"column":2},"end":{"line":40,"column":66}},"29":{"start":{"line":43,"column":0},"end":{"line":46,"column":3}},"30":{"start":{"line":44,"column":14},"end":{"line":44,"column":26}},"31":{"start":{"line":45,"column":2},"end":{"line":45,"column":52}},"32":{"start":{"line":48,"column":0},"end":{"line":51,"column":3}},"33":{"start":{"line":50,"column":2},"end":{"line":50,"column":51}},"34":{"start":{"line":53,"column":0},"end":{"line":56,"column":3}},"35":{"start":{"line":55,"column":2},"end":{"line":55,"column":40}},"36":{"start":{"line":58,"column":0},"end":{"line":73,"column":3}},"37":{"start":{"line":59,"column":2},"end":{"line":72,"column":3}},"38":{"start":{"line":60,"column":16},"end":{"line":60,"column":39}},"39":{"start":{"line":61,"column":14},"end":{"line":61,"column":43}},"40":{"start":{"line":62,"column":4},"end":{"line":64,"column":5}},"41":{"start":{"line":63,"column":6},"end":{"line":63,"column":70}},"42":{"start":{"line":65,"column":4},"end":{"line":65,"column":18}},"43":{"start":{"line":66,"column":4},"end":{"line":66,"column":101}},"44":{"start":{"line":67,"column":4},"end":{"line":67,"column":53}},"45":{"start":{"line":68,"column":4},"end":{"line":68,"column":27}},"46":{"start":{"line":70,"column":4},"end":{"line":70,"column":23}},"47":{"start":{"line":71,"column":4},"end":{"line":71,"column":67}},"48":{"start":{"line":75,"column":0},"end":{"line":78,"column":3}},"49":{"start":{"line":77,"column":2},"end":{"line":77,"column":161}},"50":{"start":{"line":80,"column":0},"end":{"line":83,"column":3}},"51":{"start":{"line":82,"column":2},"end":{"line":82,"column":71}},"52":{"start":{"line":85,"column":0},"end":{"line":92,"column":3}},"53":{"start":{"line":86,"column":2},"end":{"line":91,"column":3}},"54":{"start":{"line":87,"column":49},"end":{"line":87,"column":57}},"55":{"start":{"line":88,"column":4},"end":{"line":88,"column":79}},"56":{"start":{"line":90,"column":4},"end":{"line":90,"column":67}},"57":{"start":{"line":94,"column":0},"end":{"line":102,"column":3}},"58":{"start":{"line":95,"column":2},"end":{"line":101,"column":3}},"59":{"start":{"line":96,"column":16},"end":{"line":96,"column":39}},"60":{"start":{"line":97,"column":22},"end":{"line":97,"column":51}},"61":{"start":{"line":98,"column":4},"end":{"line":98,"column":61}},"62":{"start":{"line":100,"column":4},"end":{"line":100,"column":58}},"63":{"start":{"line":104,"column":0},"end":{"line":111,"column":3}},"64":{"start":{"line":105,"column":2},"end":{"line":110,"column":3}},"65":{"start":{"line":106,"column":35},"end":{"line":106,"column":43}},"66":{"start":{"line":107,"column":4},"end":{"line":107,"column":62}},"67":{"start":{"line":109,"column":4},"end":{"line":109,"column":56}},"68":{"start":{"line":113,"column":0},"end":{"line":115,"column":1}},"69":{"start":{"line":114,"column":2},"end":{"line":114,"column":67}},"70":{"start":{"line":114,"column":25},"end":{"line":114,"column":65}},"71":{"start":{"line":117,"column":0},"end":{"line":117,"column":21}}},"fnMap":{"0":{"name":"(anonymous_0)","decl":{"start":{"line":18,"column":13},"end":{"line":18,"column":14}},"loc":{"start":{"line":18,"column":27},"end":{"line":20,"column":1}},"line":18},"1":{"name":"(anonymous_1)","decl":{"start":{"line":22,"column":24},"end":{"line":22,"column":25}},"loc":{"start":{"line":22,"column":50},"end":{"line":32,"column":1}},"line":22},"2":{"name":"(anonymous_2)","decl":{"start":{"line":34,"column":41},"end":{"line":34,"column":42}},"loc":{"start":{"line":34,"column":67},"end":{"line":37,"column":1}},"line":34},"3":{"name":"(anonymous_3)","decl":{"start":{"line":39,"column":33},"end":{"line":39,"column":34}},"loc":{"start":{"line":39,"column":47},"end":{"line":41,"column":1}},"line":39},"4":{"name":"(anonymous_4)","decl":{"start":{"line":43,"column":37},"end":{"line":43,"column":38}},"loc":{"start":{"line":43,"column":63},"end":{"line":46,"column":1}},"line":43},"5":{"name":"(anonymous_5)","decl":{"start":{"line":48,"column":39},"end":{"line":48,"column":40}},"loc":{"start":{"line":48,"column":53},"end":{"line":51,"column":1}},"line":48},"6":{"name":"(anonymous_6)","decl":{"start":{"line":53,"column":31},"end":{"line":53,"column":32}},"loc":{"start":{"line":53,"column":45},"end":{"line":56,"column":1}},"line":53},"7":{"name":"(anonymous_7)","decl":{"start":{"line":58,"column":26},"end":{"line":58,"column":27}},"loc":{"start":{"line":58,"column":45},"end":{"line":73,"column":1}},"line":58},"8":{"name":"(anonymous_8)","decl":{"start":{"line":75,"column":30},"end":{"line":75,"column":31}},"loc":{"start":{"line":75,"column":44},"end":{"line":78,"column":1}},"line":75},"9":{"name":"(anonymous_9)","decl":{"start":{"line":80,"column":40},"end":{"line":80,"column":41}},"loc":{"start":{"line":80,"column":54},"end":{"line":83,"column":1}},"line":80},"10":{"name":"(anonymous_10)","decl":{"start":{"line":85,"column":22},"end":{"line":85,"column":23}},"loc":{"start":{"line":85,"column":41},"end":{"line":92,"column":1}},"line":85},"11":{"name":"(anonymous_11)","decl":{"start":{"line":94,"column":25},"end":{"line":94,"column":26}},"loc":{"start":{"line":94,"column":44},"end":{"line":102,"column":1}},"line":94},"12":{"name":"(anonymous_12)","decl":{"start":{"line":104,"column":19},"end":{"line":104,"column":20}},"loc":{"start":{"line":104,"column":38},"end":{"line":111,"column":1}},"line":104},"13":{"name":"(anonymous_13)","decl":{"start":{"line":114,"column":19},"end":{"line":114,"column":20}},"loc":{"start":{"line":114,"column":25},"end":{"line":114,"column":65}},"line":114}},"branchMap":{"0":{"loc":{"start":{"line":62,"column":4},"end":{"line":64,"column":5}},"type":"if","locations":[{"start":{"line":62,"column":4},"end":{"line":64,"column":5}},{"start":{},"end":{}}],"line":62},"1":{"loc":{"start":{"line":113,"column":0},"end":{"line":115,"column":1}},"type":"if","locations":[{"start":{"line":113,"column":0},"end":{"line":115,"column":1}},{"start":{},"end":{}}],"line":113}},"s":{"0":2,"1":2,"2":2,"3":2,"4":2,"5":2,"6":2,"7":2,"8":2,"9":2,"10":2,"11":2,"12":2,"13":2,"14":2,"15":2,"16":0,"17":2,"18":1,"19":1,"20":1,"21":1,"22":0,"23":0,"24":2,"25":0,"26":0,"27":2,"28":0,"29":2,"30":0,"31":0,"32":2,"33":0,"34":2,"35":0,"36":2,"37":0,"38":0,"39":0,"40":0,"41":0,"42":0,"43":0,"44":0,"45":0,"46":0,"47":0,"48":2,"49":0,"50":2,"51":0,"52":2,"53":0,"54":0,"55":0,"56":0,"57":2,"58":2,"59":2,"60":2,"61":2,"62":1,"63":2,"64":0,"65":0,"66":0,"67":0,"68":2,"69":0,"70":0,"71":2},"f":{"0":0,"1":1,"2":0,"3":0,"4":0,"5":0,"6":0,"7":0,"8":0,"9":0,"10":0,"11":2,"12":0,"13":0},"b":{"0":[0,0],"1":[0,2]},"_coverageSchema":"1a1c01bbd47fc00a2c39e90264f33305004495a9","hash":"ea9a2786128102c150f010c769a7d1bae062290c"}
,"/import/adams/7/z5428854/invoice-seng2021-24t1-eggs/backend/database/db.js": {"path":"/import/adams/7/z5428854/invoice-seng2021-24t1-eggs/backend/database/db.js","statementMap":{"0":{"start":{"line":1,"column":13},"end":{"line":1,"column":31}},"1":{"start":{"line":3,"column":13},"end":{"line":12,"column":2}},"2":{"start":{"line":14,"column":0},"end":{"line":14,"column":22}}},"fnMap":{},"branchMap":{},"s":{"0":2,"1":2,"2":2},"f":{},"b":{},"_coverageSchema":"1a1c01bbd47fc00a2c39e90264f33305004495a9","hash":"1e4010a4e0fa15fd11d9623f52a81d65d452ddd7"}
,"/import/adams/7/z5428854/invoice-seng2021-24t1-eggs/backend/functions/authLogin.js": {"path":"/import/adams/7/z5428854/invoice-seng2021-24t1-eggs/backend/functions/authLogin.js","statementMap":{"0":{"start":{"line":1,"column":13},"end":{"line":1,"column":38}},"1":{"start":{"line":2,"column":15},"end":{"line":2,"column":34}},"2":{"start":{"line":3,"column":20},"end":{"line":3,"column":42}},"3":{"start":{"line":6,"column":2},"end":{"line":32,"column":3}},"4":{"start":{"line":9,"column":25},"end":{"line":9,"column":96}},"5":{"start":{"line":10,"column":4},"end":{"line":12,"column":5}},"6":{"start":{"line":11,"column":6},"end":{"line":11,"column":56}},"7":{"start":{"line":15,"column":22},"end":{"line":15,"column":58}},"8":{"start":{"line":17,"column":20},"end":{"line":17,"column":61}},"9":{"start":{"line":18,"column":4},"end":{"line":20,"column":5}},"10":{"start":{"line":19,"column":6},"end":{"line":19,"column":54}},"11":{"start":{"line":22,"column":4},"end":{"line":22,"column":65}},"12":{"start":{"line":24,"column":4},"end":{"line":27,"column":5}},"13":{"start":{"line":30,"column":4},"end":{"line":30,"column":53}},"14":{"start":{"line":31,"column":4},"end":{"line":31,"column":16}},"15":{"start":{"line":35,"column":0},"end":{"line":35,"column":27}}},"fnMap":{"0":{"name":"authLogin","decl":{"start":{"line":5,"column":15},"end":{"line":5,"column":24}},"loc":{"start":{"line":5,"column":45},"end":{"line":33,"column":1}},"line":5}},"branchMap":{"0":{"loc":{"start":{"line":10,"column":4},"end":{"line":12,"column":5}},"type":"if","locations":[{"start":{"line":10,"column":4},"end":{"line":12,"column":5}},{"start":{},"end":{}}],"line":10},"1":{"loc":{"start":{"line":18,"column":4},"end":{"line":20,"column":5}},"type":"if","locations":[{"start":{"line":18,"column":4},"end":{"line":20,"column":5}},{"start":{},"end":{}}],"line":18}},"s":{"0":3,"1":3,"2":3,"3":3,"4":3,"5":3,"6":1,"7":2,"8":2,"9":2,"10":1,"11":1,"12":1,"13":2,"14":2,"15":3},"f":{"0":3},"b":{"0":[1,2],"1":[1,1]},"_coverageSchema":"1a1c01bbd47fc00a2c39e90264f33305004495a9","hash":"96127ee998629e6ad9ed08a1a35b70bb109392fe"}
,"/import/adams/7/z5428854/invoice-seng2021-24t1-eggs/backend/functions/authRegister.js": {"path":"/import/adams/7/z5428854/invoice-seng2021-24t1-eggs/backend/functions/authRegister.js","statementMap":{"0":{"start":{"line":1,"column":13},"end":{"line":1,"column":38}},"1":{"start":{"line":2,"column":15},"end":{"line":2,"column":34}},"2":{"start":{"line":3,"column":20},"end":{"line":3,"column":42}},"3":{"start":{"line":4,"column":19},"end":{"line":4,"column":21}},"4":{"start":{"line":7,"column":2},"end":{"line":43,"column":3}},"5":{"start":{"line":9,"column":26},"end":{"line":9,"column":91}},"6":{"start":{"line":10,"column":4},"end":{"line":12,"column":5}},"7":{"start":{"line":11,"column":6},"end":{"line":11,"column":62}},"8":{"start":{"line":15,"column":28},"end":{"line":15,"column":99}},"9":{"start":{"line":16,"column":4},"end":{"line":18,"column":5}},"10":{"start":{"line":17,"column":6},"end":{"line":17,"column":69}},"11":{"start":{"line":21,"column":25},"end":{"line":21,"column":96}},"12":{"start":{"line":22,"column":4},"end":{"line":24,"column":5}},"13":{"start":{"line":23,"column":6},"end":{"line":23,"column":65}},"14":{"start":{"line":27,"column":22},"end":{"line":27,"column":61}},"15":{"start":{"line":30,"column":12},"end":{"line":30,"column":112}},"16":{"start":{"line":32,"column":4},"end":{"line":32,"column":58}},"17":{"start":{"line":33,"column":4},"end":{"line":33,"column":54}},"18":{"start":{"line":35,"column":4},"end":{"line":38,"column":5}},"19":{"start":{"line":41,"column":4},"end":{"line":41,"column":65}},"20":{"start":{"line":42,"column":4},"end":{"line":42,"column":16}},"21":{"start":{"line":46,"column":0},"end":{"line":46,"column":30}}},"fnMap":{"0":{"name":"authRegister","decl":{"start":{"line":6,"column":15},"end":{"line":6,"column":27}},"loc":{"start":{"line":6,"column":65},"end":{"line":44,"column":1}},"line":6}},"branchMap":{"0":{"loc":{"start":{"line":10,"column":4},"end":{"line":12,"column":5}},"type":"if","locations":[{"start":{"line":10,"column":4},"end":{"line":12,"column":5}},{"start":{},"end":{}}],"line":10},"1":{"loc":{"start":{"line":16,"column":4},"end":{"line":18,"column":5}},"type":"if","locations":[{"start":{"line":16,"column":4},"end":{"line":18,"column":5}},{"start":{},"end":{}}],"line":16},"2":{"loc":{"start":{"line":22,"column":4},"end":{"line":24,"column":5}},"type":"if","locations":[{"start":{"line":22,"column":4},"end":{"line":24,"column":5}},{"start":{},"end":{}}],"line":22}},"s":{"0":3,"1":3,"2":3,"3":3,"4":4,"5":4,"6":4,"7":1,"8":3,"9":3,"10":1,"11":2,"12":2,"13":1,"14":1,"15":1,"16":1,"17":1,"18":1,"19":3,"20":3,"21":3},"f":{"0":4},"b":{"0":[1,3],"1":[1,2],"2":[1,1]},"_coverageSchema":"1a1c01bbd47fc00a2c39e90264f33305004495a9","hash":"f7d5448c15892167b2b8c7965eb0f56849ffe82a"}
,"/import/adams/7/z5428854/invoice-seng2021-24t1-eggs/backend/functions/getNotifications.js": {"path":"/import/adams/7/z5428854/invoice-seng2021-24t1-eggs/backend/functions/getNotifications.js","statementMap":{"0":{"start":{"line":1,"column":13},"end":{"line":1,"column":38}},"1":{"start":{"line":4,"column":14},"end":{"line":4,"column":62}},"2":{"start":{"line":5,"column":14},"end":{"line":5,"column":43}},"3":{"start":{"line":6,"column":2},"end":{"line":8,"column":3}},"4":{"start":{"line":7,"column":4},"end":{"line":7,"column":45}},"5":{"start":{"line":10,"column":24},"end":{"line":10,"column":49}},"6":{"start":{"line":11,"column":17},"end":{"line":13,"column":3}},"7":{"start":{"line":15,"column":2},"end":{"line":19,"column":3}},"8":{"start":{"line":16,"column":18},"end":{"line":16,"column":69}},"9":{"start":{"line":17,"column":16},"end":{"line":17,"column":64}},"10":{"start":{"line":18,"column":4},"end":{"line":18,"column":85}},"11":{"start":{"line":18,"column":38},"end":{"line":18,"column":83}},"12":{"start":{"line":21,"column":2},"end":{"line":21,"column":82}},"13":{"start":{"line":22,"column":2},"end":{"line":22,"column":16}},"14":{"start":{"line":25,"column":0},"end":{"line":25,"column":34}}},"fnMap":{"0":{"name":"getNotifications","decl":{"start":{"line":3,"column":15},"end":{"line":3,"column":31}},"loc":{"start":{"line":3,"column":37},"end":{"line":23,"column":1}},"line":3},"1":{"name":"(anonymous_1)","decl":{"start":{"line":18,"column":16},"end":{"line":18,"column":17}},"loc":{"start":{"line":18,"column":38},"end":{"line":18,"column":83}},"line":18}},"branchMap":{"0":{"loc":{"start":{"line":6,"column":2},"end":{"line":8,"column":3}},"type":"if","locations":[{"start":{"line":6,"column":2},"end":{"line":8,"column":3}},{"start":{},"end":{}}],"line":6}},"s":{"0":3,"1":2,"2":2,"3":2,"4":1,"5":1,"6":1,"7":1,"8":0,"9":0,"10":0,"11":0,"12":1,"13":1,"14":3},"f":{"0":2,"1":0},"b":{"0":[1,1]},"_coverageSchema":"1a1c01bbd47fc00a2c39e90264f33305004495a9","hash":"9f37933ca4953340cc96e90aab2ab1b885d89aac"}
,"/import/adams/7/z5428854/invoice-seng2021-24t1-eggs/backend/functions/hasReceivedInvoiceId.js": {"path":"/import/adams/7/z5428854/invoice-seng2021-24t1-eggs/backend/functions/hasReceivedInvoiceId.js","statementMap":{"0":{"start":{"line":1,"column":13},"end":{"line":1,"column":38}},"1":{"start":{"line":4,"column":12},"end":{"line":4,"column":87}},"2":{"start":{"line":5,"column":14},"end":{"line":5,"column":68}},"3":{"start":{"line":6,"column":2},"end":{"line":10,"column":3}},"4":{"start":{"line":7,"column":4},"end":{"line":7,"column":71}},"5":{"start":{"line":9,"column":4},"end":{"line":9,"column":67}},"6":{"start":{"line":13,"column":0},"end":{"line":13,"column":38}}},"fnMap":{"0":{"name":"hasReceivedInvoiceId","decl":{"start":{"line":3,"column":15},"end":{"line":3,"column":35}},"loc":{"start":{"line":3,"column":62},"end":{"line":11,"column":1}},"line":3}},"branchMap":{"0":{"loc":{"start":{"line":6,"column":2},"end":{"line":10,"column":3}},"type":"if","locations":[{"start":{"line":6,"column":2},"end":{"line":10,"column":3}},{"start":{"line":8,"column":9},"end":{"line":10,"column":3}}],"line":6}},"s":{"0":3,"1":2,"2":2,"3":2,"4":1,"5":1,"6":3},"f":{"0":2},"b":{"0":[1,1]},"_coverageSchema":"1a1c01bbd47fc00a2c39e90264f33305004495a9","hash":"f53858e7e159fc7efc3fb7790b524f2e51d31f10"}
,"/import/adams/7/z5428854/invoice-seng2021-24t1-eggs/backend/functions/receiveEmail.js": {"path":"/import/adams/7/z5428854/invoice-seng2021-24t1-eggs/backend/functions/receiveEmail.js","statementMap":{"0":{"start":{"line":1,"column":13},"end":{"line":1,"column":38}},"1":{"start":{"line":2,"column":20},"end":{"line":2,"column":42}},"2":{"start":{"line":5,"column":2},"end":{"line":20,"column":3}},"3":{"start":{"line":6,"column":22},"end":{"line":6,"column":87}},"4":{"start":{"line":7,"column":12},"end":{"line":7,"column":111}},"5":{"start":{"line":8,"column":23},"end":{"line":8,"column":79}},"6":{"start":{"line":9,"column":4},"end":{"line":16,"column":5}},"7":{"start":{"line":10,"column":6},"end":{"line":10,"column":52}},"8":{"start":{"line":12,"column":6},"end":{"line":15,"column":8}},"9":{"start":{"line":18,"column":4},"end":{"line":18,"column":61}},"10":{"start":{"line":19,"column":4},"end":{"line":19,"column":16}},"11":{"start":{"line":23,"column":0},"end":{"line":23,"column":30}}},"fnMap":{"0":{"name":"receiveEmail","decl":{"start":{"line":4,"column":15},"end":{"line":4,"column":27}},"loc":{"start":{"line":4,"column":44},"end":{"line":21,"column":1}},"line":4}},"branchMap":{"0":{"loc":{"start":{"line":9,"column":4},"end":{"line":16,"column":5}},"type":"if","locations":[{"start":{"line":9,"column":4},"end":{"line":16,"column":5}},{"start":{"line":11,"column":11},"end":{"line":16,"column":5}}],"line":9}},"s":{"0":3,"1":3,"2":5,"3":5,"4":5,"5":5,"6":5,"7":3,"8":2,"9":3,"10":3,"11":3},"f":{"0":5},"b":{"0":[3,2]},"_coverageSchema":"1a1c01bbd47fc00a2c39e90264f33305004495a9","hash":"3430568c549480c332e387d8257b55a59a4f4d32"}
,"/import/adams/7/z5428854/invoice-seng2021-24t1-eggs/backend/functions/report.js": {"path":"/import/adams/7/z5428854/invoice-seng2021-24t1-eggs/backend/functions/report.js","statementMap":{"0":{"start":{"line":1,"column":18},"end":{"line":1,"column":34}},"1":{"start":{"line":2,"column":0},"end":{"line":2,"column":27}},"2":{"start":{"line":3,"column":13},"end":{"line":3,"column":38}},"3":{"start":{"line":7,"column":22},"end":{"line":7,"column":151}},"4":{"start":{"line":8,"column":15},"end":{"line":8,"column":51}},"5":{"start":{"line":11,"column":20},"end":{"line":11,"column":60}},"6":{"start":{"line":12,"column":13},"end":{"line":12,"column":47}},"7":{"start":{"line":13,"column":2},"end":{"line":13,"column":28}},"8":{"start":{"line":15,"column":13},"end":{"line":15,"column":106}},"9":{"start":{"line":15,"column":34},"end":{"line":15,"column":105}},"10":{"start":{"line":16,"column":14},"end":{"line":16,"column":25}},"11":{"start":{"line":17,"column":16},"end":{"line":17,"column":48}},"12":{"start":{"line":19,"column":14},"end":{"line":19,"column":48}},"13":{"start":{"line":20,"column":16},"end":{"line":20,"column":39}},"14":{"start":{"line":21,"column":18},"end":{"line":21,"column":50}},"15":{"start":{"line":23,"column":2},"end":{"line":23,"column":22}},"16":{"start":{"line":24,"column":2},"end":{"line":24,"column":57}},"17":{"start":{"line":25,"column":2},"end":{"line":25,"column":22}},"18":{"start":{"line":26,"column":2},"end":{"line":26,"column":95}},"19":{"start":{"line":27,"column":2},"end":{"line":27,"column":22}},"20":{"start":{"line":28,"column":2},"end":{"line":28,"column":73}},"21":{"start":{"line":29,"column":2},"end":{"line":33,"column":5}},"22":{"start":{"line":34,"column":2},"end":{"line":34,"column":33}},"23":{"start":{"line":36,"column":0},"end":{"line":36,"column":35}}},"fnMap":{"0":{"name":"generateReceivePdf","decl":{"start":{"line":6,"column":15},"end":{"line":6,"column":33}},"loc":{"start":{"line":6,"column":39},"end":{"line":35,"column":1}},"line":6},"1":{"name":"(anonymous_1)","decl":{"start":{"line":15,"column":27},"end":{"line":15,"column":28}},"loc":{"start":{"line":15,"column":34},"end":{"line":15,"column":105}},"line":15}},"branchMap":{},"s":{"0":3,"1":3,"2":3,"3":1,"4":1,"5":1,"6":1,"7":1,"8":1,"9":1,"10":1,"11":1,"12":1,"13":1,"14":1,"15":1,"16":1,"17":1,"18":1,"19":1,"20":1,"21":1,"22":1,"23":3},"f":{"0":1,"1":1},"b":{},"_coverageSchema":"1a1c01bbd47fc00a2c39e90264f33305004495a9","hash":"ad50178a9e0a7dc8ae8afb39f0c0d87aa4025e0f"}
,"/import/adams/7/z5428854/invoice-seng2021-24t1-eggs/backend/functions/sendEmailWithMultXML.js": {"path":"/import/adams/7/z5428854/invoice-seng2021-24t1-eggs/backend/functions/sendEmailWithMultXML.js","statementMap":{"0":{"start":{"line":1,"column":19},"end":{"line":1,"column":40}},"1":{"start":{"line":2,"column":11},"end":{"line":2,"column":33}},"2":{"start":{"line":3,"column":13},"end":{"line":3,"column":38}},"3":{"start":{"line":6,"column":29},"end":{"line":13,"column":4}},"4":{"start":{"line":7,"column":4},"end":{"line":7,"column":60}},"5":{"start":{"line":8,"column":4},"end":{"line":12,"column":6}},"6":{"start":{"line":16,"column":22},"end":{"line":16,"column":59}},"7":{"start":{"line":18,"column":20},"end":{"line":27,"column":4}},"8":{"start":{"line":29,"column":22},"end":{"line":35,"column":3}},"9":{"start":{"line":38,"column":2},"end":{"line":54,"column":3}},"10":{"start":{"line":39,"column":15},"end":{"line":39,"column":54}},"11":{"start":{"line":40,"column":4},"end":{"line":40,"column":52}},"12":{"start":{"line":42,"column":4},"end":{"line":50,"column":5}},"13":{"start":{"line":43,"column":24},"end":{"line":43,"column":80}},"14":{"start":{"line":44,"column":18},"end":{"line":45,"column":61}},"15":{"start":{"line":46,"column":24},"end":{"line":46,"column":110}},"16":{"start":{"line":48,"column":6},"end":{"line":48,"column":98}},"17":{"start":{"line":49,"column":6},"end":{"line":49,"column":54}},"18":{"start":{"line":52,"column":28},"end":{"line":52,"column":85}},"19":{"start":{"line":52,"column":58},"end":{"line":52,"column":84}},"20":{"start":{"line":53,"column":4},"end":{"line":53,"column":39}},"21":{"start":{"line":57,"column":0},"end":{"line":57,"column":42}}},"fnMap":{"0":{"name":"sendEmailWithMultipleXML","decl":{"start":{"line":5,"column":15},"end":{"line":5,"column":39}},"loc":{"start":{"line":5,"column":67},"end":{"line":55,"column":1}},"line":5},"1":{"name":"(anonymous_1)","decl":{"start":{"line":6,"column":42},"end":{"line":6,"column":43}},"loc":{"start":{"line":6,"column":61},"end":{"line":13,"column":3}},"line":6},"2":{"name":"(anonymous_2)","decl":{"start":{"line":52,"column":44},"end":{"line":52,"column":45}},"loc":{"start":{"line":52,"column":58},"end":{"line":52,"column":84}},"line":52}},"branchMap":{},"s":{"0":1,"1":1,"2":1,"3":1,"4":2,"5":2,"6":1,"7":1,"8":1,"9":1,"10":1,"11":1,"12":1,"13":2,"14":2,"15":2,"16":2,"17":2,"18":1,"19":2,"20":1,"21":1},"f":{"0":1,"1":2,"2":2},"b":{},"_coverageSchema":"1a1c01bbd47fc00a2c39e90264f33305004495a9","hash":"40a4132ae8e6fdf292c3c84137c54ba378f4ca09"}
,"/import/adams/7/z5428854/invoice-seng2021-24t1-eggs/backend/functions/sendingEmailFunction.js": {"path":"/import/adams/7/z5428854/invoice-seng2021-24t1-eggs/backend/functions/sendingEmailFunction.js","statementMap":{"0":{"start":{"line":1,"column":19},"end":{"line":1,"column":40}},"1":{"start":{"line":2,"column":13},"end":{"line":2,"column":38}},"2":{"start":{"line":3,"column":11},"end":{"line":3,"column":33}},"3":{"start":{"line":7,"column":2},"end":{"line":7,"column":42}},"4":{"start":{"line":10,"column":20},"end":{"line":19,"column":4}},"5":{"start":{"line":22,"column":22},"end":{"line":34,"column":3}},"6":{"start":{"line":37,"column":13},"end":{"line":37,"column":52}},"7":{"start":{"line":38,"column":2},"end":{"line":38,"column":50}},"8":{"start":{"line":39,"column":2},"end":{"line":39,"column":28}},"9":{"start":{"line":41,"column":14},"end":{"line":42,"column":57}},"10":{"start":{"line":43,"column":20},"end":{"line":43,"column":104}},"11":{"start":{"line":45,"column":2},"end":{"line":45,"column":94}},"12":{"start":{"line":46,"column":2},"end":{"line":46,"column":50}},"13":{"start":{"line":48,"column":2},"end":{"line":48,"column":24}},"14":{"start":{"line":51,"column":0},"end":{"line":51,"column":34}}},"fnMap":{"0":{"name":"sendEmailWithXML","decl":{"start":{"line":6,"column":15},"end":{"line":6,"column":31}},"loc":{"start":{"line":6,"column":89},"end":{"line":49,"column":1}},"line":6}},"branchMap":{"0":{"loc":{"start":{"line":6,"column":60},"end":{"line":6,"column":87}},"type":"default-arg","locations":[{"start":{"line":6,"column":71},"end":{"line":6,"column":87}}],"line":6}},"s":{"0":2,"1":2,"2":2,"3":1,"4":1,"5":1,"6":1,"7":1,"8":1,"9":1,"10":1,"11":1,"12":1,"13":1,"14":2},"f":{"0":1},"b":{"0":[1]},"_coverageSchema":"1a1c01bbd47fc00a2c39e90264f33305004495a9","hash":"a495c66bc4b9b82a37f3eb8cdd91260643b163d7"}
}
