{"C:\\Users\\Cherise\\Desktop\\projects\\invoice-seng2021-24t1-eggs\\backend\\app.js": {"path":"C:\\Users\\Cherise\\Desktop\\projects\\invoice-seng2021-24t1-eggs\\backend\\app.js","statementMap":{"0":{"start":{"line":1,"column":16},"end":{"line":1,"column":34}},"1":{"start":{"line":2,"column":19},"end":{"line":2,"column":41}},"2":{"start":{"line":3,"column":12},"end":{"line":3,"column":21}},"3":{"start":{"line":4,"column":21},"end":{"line":4,"column":54}},"4":{"start":{"line":5,"column":13},"end":{"line":5,"column":17}},"5":{"start":{"line":6,"column":25},"end":{"line":6,"column":64}},"6":{"start":{"line":7,"column":29},"end":{"line":7,"column":72}},"7":{"start":{"line":8,"column":25},"end":{"line":8,"column":68}},"8":{"start":{"line":9,"column":33},"end":{"line":9,"column":76}},"9":{"start":{"line":10,"column":21},"end":{"line":10,"column":56}},"10":{"start":{"line":11,"column":18},"end":{"line":11,"column":50}},"11":{"start":{"line":12,"column":21},"end":{"line":12,"column":56}},"12":{"start":{"line":13,"column":27},"end":{"line":13,"column":63}},"13":{"start":{"line":14,"column":24},"end":{"line":14,"column":57}},"14":{"start":{"line":16,"column":0},"end":{"line":16,"column":24}},"15":{"start":{"line":17,"column":0},"end":{"line":17,"column":24}},"16":{"start":{"line":18,"column":0},"end":{"line":18,"column":27}},"17":{"start":{"line":20,"column":0},"end":{"line":22,"column":3}},"18":{"start":{"line":21,"column":2},"end":{"line":21,"column":27}},"19":{"start":{"line":25,"column":0},"end":{"line":35,"column":3}},"20":{"start":{"line":26,"column":41},"end":{"line":26,"column":49}},"21":{"start":{"line":28,"column":2},"end":{"line":34,"column":3}},"22":{"start":{"line":29,"column":22},"end":{"line":29,"column":72}},"23":{"start":{"line":30,"column":4},"end":{"line":30,"column":66}},"24":{"start":{"line":32,"column":4},"end":{"line":32,"column":25}},"25":{"start":{"line":33,"column":4},"end":{"line":33,"column":76}},"26":{"start":{"line":37,"column":0},"end":{"line":40,"column":3}},"27":{"start":{"line":38,"column":39},"end":{"line":38,"column":47}},"28":{"start":{"line":39,"column":2},"end":{"line":39,"column":77}},"29":{"start":{"line":42,"column":0},"end":{"line":44,"column":3}},"30":{"start":{"line":43,"column":2},"end":{"line":43,"column":66}},"31":{"start":{"line":46,"column":0},"end":{"line":49,"column":3}},"32":{"start":{"line":47,"column":14},"end":{"line":47,"column":26}},"33":{"start":{"line":48,"column":2},"end":{"line":48,"column":52}},"34":{"start":{"line":51,"column":0},"end":{"line":60,"column":3}},"35":{"start":{"line":52,"column":2},"end":{"line":59,"column":3}},"36":{"start":{"line":53,"column":42},"end":{"line":53,"column":50}},"37":{"start":{"line":54,"column":22},"end":{"line":54,"column":79}},"38":{"start":{"line":55,"column":4},"end":{"line":55,"column":67}},"39":{"start":{"line":57,"column":4},"end":{"line":57,"column":25}},"40":{"start":{"line":58,"column":4},"end":{"line":58,"column":79}},"41":{"start":{"line":62,"column":0},"end":{"line":65,"column":3}},"42":{"start":{"line":64,"column":2},"end":{"line":64,"column":40}},"43":{"start":{"line":67,"column":0},"end":{"line":82,"column":3}},"44":{"start":{"line":68,"column":2},"end":{"line":81,"column":3}},"45":{"start":{"line":69,"column":16},"end":{"line":69,"column":39}},"46":{"start":{"line":70,"column":14},"end":{"line":70,"column":40}},"47":{"start":{"line":71,"column":4},"end":{"line":73,"column":5}},"48":{"start":{"line":72,"column":6},"end":{"line":72,"column":70}},"49":{"start":{"line":74,"column":4},"end":{"line":74,"column":18}},"50":{"start":{"line":75,"column":4},"end":{"line":75,"column":97}},"51":{"start":{"line":76,"column":4},"end":{"line":76,"column":53}},"52":{"start":{"line":77,"column":4},"end":{"line":77,"column":27}},"53":{"start":{"line":79,"column":4},"end":{"line":79,"column":23}},"54":{"start":{"line":80,"column":4},"end":{"line":80,"column":67}},"55":{"start":{"line":84,"column":0},"end":{"line":99,"column":3}},"56":{"start":{"line":85,"column":2},"end":{"line":98,"column":3}},"57":{"start":{"line":86,"column":16},"end":{"line":86,"column":39}},"58":{"start":{"line":87,"column":14},"end":{"line":87,"column":43}},"59":{"start":{"line":88,"column":4},"end":{"line":90,"column":5}},"60":{"start":{"line":89,"column":6},"end":{"line":89,"column":70}},"61":{"start":{"line":91,"column":4},"end":{"line":91,"column":18}},"62":{"start":{"line":92,"column":4},"end":{"line":92,"column":101}},"63":{"start":{"line":93,"column":4},"end":{"line":93,"column":53}},"64":{"start":{"line":94,"column":4},"end":{"line":94,"column":27}},"65":{"start":{"line":96,"column":4},"end":{"line":96,"column":23}},"66":{"start":{"line":97,"column":4},"end":{"line":97,"column":67}},"67":{"start":{"line":101,"column":0},"end":{"line":104,"column":3}},"68":{"start":{"line":103,"column":2},"end":{"line":103,"column":161}},"69":{"start":{"line":106,"column":0},"end":{"line":109,"column":3}},"70":{"start":{"line":108,"column":2},"end":{"line":108,"column":71}},"71":{"start":{"line":111,"column":0},"end":{"line":118,"column":3}},"72":{"start":{"line":112,"column":2},"end":{"line":117,"column":3}},"73":{"start":{"line":113,"column":49},"end":{"line":113,"column":57}},"74":{"start":{"line":114,"column":4},"end":{"line":114,"column":79}},"75":{"start":{"line":116,"column":4},"end":{"line":116,"column":67}},"76":{"start":{"line":120,"column":0},"end":{"line":128,"column":3}},"77":{"start":{"line":121,"column":2},"end":{"line":127,"column":3}},"78":{"start":{"line":122,"column":16},"end":{"line":122,"column":39}},"79":{"start":{"line":123,"column":22},"end":{"line":123,"column":51}},"80":{"start":{"line":124,"column":4},"end":{"line":124,"column":61}},"81":{"start":{"line":126,"column":4},"end":{"line":126,"column":58}},"82":{"start":{"line":130,"column":0},"end":{"line":137,"column":3}},"83":{"start":{"line":131,"column":2},"end":{"line":136,"column":3}},"84":{"start":{"line":132,"column":35},"end":{"line":132,"column":43}},"85":{"start":{"line":133,"column":4},"end":{"line":133,"column":62}},"86":{"start":{"line":135,"column":4},"end":{"line":135,"column":56}},"87":{"start":{"line":139,"column":0},"end":{"line":141,"column":1}},"88":{"start":{"line":140,"column":2},"end":{"line":140,"column":67}},"89":{"start":{"line":140,"column":25},"end":{"line":140,"column":65}},"90":{"start":{"line":143,"column":0},"end":{"line":143,"column":21}}},"fnMap":{"0":{"name":"(anonymous_0)","decl":{"start":{"line":20,"column":13},"end":{"line":20,"column":14}},"loc":{"start":{"line":20,"column":27},"end":{"line":22,"column":1}},"line":20},"1":{"name":"(anonymous_1)","decl":{"start":{"line":25,"column":24},"end":{"line":25,"column":25}},"loc":{"start":{"line":25,"column":50},"end":{"line":35,"column":1}},"line":25},"2":{"name":"(anonymous_2)","decl":{"start":{"line":37,"column":41},"end":{"line":37,"column":42}},"loc":{"start":{"line":37,"column":67},"end":{"line":40,"column":1}},"line":37},"3":{"name":"(anonymous_3)","decl":{"start":{"line":42,"column":33},"end":{"line":42,"column":34}},"loc":{"start":{"line":42,"column":47},"end":{"line":44,"column":1}},"line":42},"4":{"name":"(anonymous_4)","decl":{"start":{"line":46,"column":37},"end":{"line":46,"column":38}},"loc":{"start":{"line":46,"column":63},"end":{"line":49,"column":1}},"line":46},"5":{"name":"(anonymous_5)","decl":{"start":{"line":51,"column":31},"end":{"line":51,"column":32}},"loc":{"start":{"line":51,"column":51},"end":{"line":60,"column":1}},"line":51},"6":{"name":"(anonymous_6)","decl":{"start":{"line":62,"column":31},"end":{"line":62,"column":32}},"loc":{"start":{"line":62,"column":45},"end":{"line":65,"column":1}},"line":62},"7":{"name":"(anonymous_7)","decl":{"start":{"line":67,"column":23},"end":{"line":67,"column":24}},"loc":{"start":{"line":67,"column":42},"end":{"line":82,"column":1}},"line":67},"8":{"name":"(anonymous_8)","decl":{"start":{"line":84,"column":26},"end":{"line":84,"column":27}},"loc":{"start":{"line":84,"column":45},"end":{"line":99,"column":1}},"line":84},"9":{"name":"(anonymous_9)","decl":{"start":{"line":101,"column":30},"end":{"line":101,"column":31}},"loc":{"start":{"line":101,"column":44},"end":{"line":104,"column":1}},"line":101},"10":{"name":"(anonymous_10)","decl":{"start":{"line":106,"column":40},"end":{"line":106,"column":41}},"loc":{"start":{"line":106,"column":54},"end":{"line":109,"column":1}},"line":106},"11":{"name":"(anonymous_11)","decl":{"start":{"line":111,"column":22},"end":{"line":111,"column":23}},"loc":{"start":{"line":111,"column":41},"end":{"line":118,"column":1}},"line":111},"12":{"name":"(anonymous_12)","decl":{"start":{"line":120,"column":25},"end":{"line":120,"column":26}},"loc":{"start":{"line":120,"column":44},"end":{"line":128,"column":1}},"line":120},"13":{"name":"(anonymous_13)","decl":{"start":{"line":130,"column":19},"end":{"line":130,"column":20}},"loc":{"start":{"line":130,"column":38},"end":{"line":137,"column":1}},"line":130},"14":{"name":"(anonymous_14)","decl":{"start":{"line":140,"column":19},"end":{"line":140,"column":20}},"loc":{"start":{"line":140,"column":25},"end":{"line":140,"column":65}},"line":140}},"branchMap":{"0":{"loc":{"start":{"line":71,"column":4},"end":{"line":73,"column":5}},"type":"if","locations":[{"start":{"line":71,"column":4},"end":{"line":73,"column":5}},{"start":{},"end":{}}],"line":71},"1":{"loc":{"start":{"line":88,"column":4},"end":{"line":90,"column":5}},"type":"if","locations":[{"start":{"line":88,"column":4},"end":{"line":90,"column":5}},{"start":{},"end":{}}],"line":88},"2":{"loc":{"start":{"line":139,"column":0},"end":{"line":141,"column":1}},"type":"if","locations":[{"start":{"line":139,"column":0},"end":{"line":141,"column":1}},{"start":{},"end":{}}],"line":139}},"s":{"0":6,"1":6,"2":6,"3":6,"4":6,"5":6,"6":6,"7":6,"8":6,"9":6,"10":6,"11":6,"12":6,"13":6,"14":6,"15":6,"16":6,"17":6,"18":0,"19":6,"20":1,"21":1,"22":1,"23":1,"24":0,"25":0,"26":6,"27":0,"28":0,"29":6,"30":0,"31":6,"32":0,"33":0,"34":6,"35":1,"36":1,"37":1,"38":1,"39":0,"40":0,"41":6,"42":0,"43":6,"44":0,"45":0,"46":0,"47":0,"48":0,"49":0,"50":0,"51":0,"52":0,"53":0,"54":0,"55":6,"56":2,"57":2,"58":2,"59":1,"60":0,"61":1,"62":1,"63":1,"64":1,"65":1,"66":1,"67":6,"68":0,"69":6,"70":0,"71":6,"72":2,"73":2,"74":2,"75":1,"76":6,"77":2,"78":2,"79":2,"80":2,"81":1,"82":6,"83":2,"84":2,"85":2,"86":1,"87":6,"88":0,"89":0,"90":6},"f":{"0":0,"1":1,"2":0,"3":0,"4":0,"5":1,"6":0,"7":0,"8":2,"9":0,"10":0,"11":2,"12":2,"13":2,"14":0},"b":{"0":[0,0],"1":[0,1],"2":[0,6]},"_coverageSchema":"1a1c01bbd47fc00a2c39e90264f33305004495a9","hash":"c331b8af67fbb5a4e668c44db965621b52f353c5"}
,"C:\\Users\\Cherise\\Desktop\\projects\\invoice-seng2021-24t1-eggs\\backend\\database\\db.js": {"path":"C:\\Users\\Cherise\\Desktop\\projects\\invoice-seng2021-24t1-eggs\\backend\\database\\db.js","statementMap":{"0":{"start":{"line":1,"column":13},"end":{"line":1,"column":31}},"1":{"start":{"line":3,"column":13},"end":{"line":12,"column":2}},"2":{"start":{"line":14,"column":0},"end":{"line":14,"column":22}}},"fnMap":{},"branchMap":{},"s":{"0":5,"1":5,"2":5},"f":{},"b":{},"_coverageSchema":"1a1c01bbd47fc00a2c39e90264f33305004495a9","hash":"562da8e95d54fbe4fb7921450330c2ea818dda7e"}
,"C:\\Users\\Cherise\\Desktop\\projects\\invoice-seng2021-24t1-eggs\\backend\\functions\\authLogin.js": {"path":"C:\\Users\\Cherise\\Desktop\\projects\\invoice-seng2021-24t1-eggs\\backend\\functions\\authLogin.js","statementMap":{"0":{"start":{"line":1,"column":13},"end":{"line":1,"column":38}},"1":{"start":{"line":2,"column":15},"end":{"line":2,"column":34}},"2":{"start":{"line":3,"column":20},"end":{"line":3,"column":42}},"3":{"start":{"line":6,"column":2},"end":{"line":32,"column":3}},"4":{"start":{"line":9,"column":25},"end":{"line":9,"column":96}},"5":{"start":{"line":10,"column":4},"end":{"line":12,"column":5}},"6":{"start":{"line":11,"column":6},"end":{"line":11,"column":56}},"7":{"start":{"line":15,"column":22},"end":{"line":15,"column":58}},"8":{"start":{"line":17,"column":20},"end":{"line":17,"column":61}},"9":{"start":{"line":18,"column":4},"end":{"line":20,"column":5}},"10":{"start":{"line":19,"column":6},"end":{"line":19,"column":54}},"11":{"start":{"line":22,"column":4},"end":{"line":22,"column":65}},"12":{"start":{"line":24,"column":4},"end":{"line":27,"column":5}},"13":{"start":{"line":30,"column":4},"end":{"line":30,"column":53}},"14":{"start":{"line":31,"column":4},"end":{"line":31,"column":16}},"15":{"start":{"line":35,"column":0},"end":{"line":35,"column":27}}},"fnMap":{"0":{"name":"authLogin","decl":{"start":{"line":5,"column":15},"end":{"line":5,"column":24}},"loc":{"start":{"line":5,"column":45},"end":{"line":33,"column":1}},"line":5}},"branchMap":{"0":{"loc":{"start":{"line":10,"column":4},"end":{"line":12,"column":5}},"type":"if","locations":[{"start":{"line":10,"column":4},"end":{"line":12,"column":5}},{"start":{},"end":{}}],"line":10},"1":{"loc":{"start":{"line":18,"column":4},"end":{"line":20,"column":5}},"type":"if","locations":[{"start":{"line":18,"column":4},"end":{"line":20,"column":5}},{"start":{},"end":{}}],"line":18}},"s":{"0":6,"1":6,"2":6,"3":3,"4":3,"5":3,"6":1,"7":2,"8":2,"9":2,"10":1,"11":1,"12":1,"13":2,"14":2,"15":6},"f":{"0":3},"b":{"0":[1,2],"1":[1,1]},"_coverageSchema":"1a1c01bbd47fc00a2c39e90264f33305004495a9","hash":"0b15f5a35ea6545ed9c12192cfa9bc4bdef4705e"}
,"C:\\Users\\Cherise\\Desktop\\projects\\invoice-seng2021-24t1-eggs\\backend\\functions\\authRegister.js": {"path":"C:\\Users\\Cherise\\Desktop\\projects\\invoice-seng2021-24t1-eggs\\backend\\functions\\authRegister.js","statementMap":{"0":{"start":{"line":1,"column":13},"end":{"line":1,"column":38}},"1":{"start":{"line":2,"column":15},"end":{"line":2,"column":34}},"2":{"start":{"line":3,"column":20},"end":{"line":3,"column":42}},"3":{"start":{"line":4,"column":19},"end":{"line":4,"column":21}},"4":{"start":{"line":7,"column":2},"end":{"line":43,"column":3}},"5":{"start":{"line":9,"column":26},"end":{"line":9,"column":91}},"6":{"start":{"line":10,"column":4},"end":{"line":12,"column":5}},"7":{"start":{"line":11,"column":6},"end":{"line":11,"column":62}},"8":{"start":{"line":15,"column":28},"end":{"line":15,"column":99}},"9":{"start":{"line":16,"column":4},"end":{"line":18,"column":5}},"10":{"start":{"line":17,"column":6},"end":{"line":17,"column":69}},"11":{"start":{"line":21,"column":25},"end":{"line":21,"column":96}},"12":{"start":{"line":22,"column":4},"end":{"line":24,"column":5}},"13":{"start":{"line":23,"column":6},"end":{"line":23,"column":65}},"14":{"start":{"line":27,"column":22},"end":{"line":27,"column":61}},"15":{"start":{"line":30,"column":12},"end":{"line":30,"column":112}},"16":{"start":{"line":32,"column":4},"end":{"line":32,"column":58}},"17":{"start":{"line":33,"column":4},"end":{"line":33,"column":54}},"18":{"start":{"line":35,"column":4},"end":{"line":38,"column":5}},"19":{"start":{"line":41,"column":4},"end":{"line":41,"column":65}},"20":{"start":{"line":42,"column":4},"end":{"line":42,"column":16}},"21":{"start":{"line":46,"column":0},"end":{"line":46,"column":30}}},"fnMap":{"0":{"name":"authRegister","decl":{"start":{"line":6,"column":15},"end":{"line":6,"column":27}},"loc":{"start":{"line":6,"column":65},"end":{"line":44,"column":1}},"line":6}},"branchMap":{"0":{"loc":{"start":{"line":10,"column":4},"end":{"line":12,"column":5}},"type":"if","locations":[{"start":{"line":10,"column":4},"end":{"line":12,"column":5}},{"start":{},"end":{}}],"line":10},"1":{"loc":{"start":{"line":16,"column":4},"end":{"line":18,"column":5}},"type":"if","locations":[{"start":{"line":16,"column":4},"end":{"line":18,"column":5}},{"start":{},"end":{}}],"line":16},"2":{"loc":{"start":{"line":22,"column":4},"end":{"line":24,"column":5}},"type":"if","locations":[{"start":{"line":22,"column":4},"end":{"line":24,"column":5}},{"start":{},"end":{}}],"line":22}},"s":{"0":6,"1":6,"2":6,"3":6,"4":4,"5":4,"6":4,"7":1,"8":3,"9":3,"10":1,"11":2,"12":2,"13":1,"14":1,"15":1,"16":1,"17":1,"18":1,"19":3,"20":3,"21":6},"f":{"0":4},"b":{"0":[1,3],"1":[1,2],"2":[1,1]},"_coverageSchema":"1a1c01bbd47fc00a2c39e90264f33305004495a9","hash":"292ed5743a67f9dd4a1261b028c8d28084fc0ad2"}
,"C:\\Users\\Cherise\\Desktop\\projects\\invoice-seng2021-24t1-eggs\\backend\\functions\\getNotifications.js": {"path":"C:\\Users\\Cherise\\Desktop\\projects\\invoice-seng2021-24t1-eggs\\backend\\functions\\getNotifications.js","statementMap":{"0":{"start":{"line":1,"column":13},"end":{"line":1,"column":38}},"1":{"start":{"line":4,"column":14},"end":{"line":4,"column":62}},"2":{"start":{"line":5,"column":14},"end":{"line":5,"column":43}},"3":{"start":{"line":6,"column":2},"end":{"line":8,"column":3}},"4":{"start":{"line":7,"column":4},"end":{"line":7,"column":45}},"5":{"start":{"line":10,"column":24},"end":{"line":10,"column":49}},"6":{"start":{"line":11,"column":17},"end":{"line":13,"column":3}},"7":{"start":{"line":15,"column":2},"end":{"line":19,"column":3}},"8":{"start":{"line":16,"column":18},"end":{"line":16,"column":69}},"9":{"start":{"line":17,"column":16},"end":{"line":17,"column":64}},"10":{"start":{"line":18,"column":4},"end":{"line":18,"column":85}},"11":{"start":{"line":18,"column":38},"end":{"line":18,"column":83}},"12":{"start":{"line":21,"column":2},"end":{"line":21,"column":82}},"13":{"start":{"line":22,"column":2},"end":{"line":22,"column":16}},"14":{"start":{"line":25,"column":0},"end":{"line":25,"column":34}}},"fnMap":{"0":{"name":"getNotifications","decl":{"start":{"line":3,"column":15},"end":{"line":3,"column":31}},"loc":{"start":{"line":3,"column":37},"end":{"line":23,"column":1}},"line":3},"1":{"name":"(anonymous_1)","decl":{"start":{"line":18,"column":16},"end":{"line":18,"column":17}},"loc":{"start":{"line":18,"column":38},"end":{"line":18,"column":83}},"line":18}},"branchMap":{"0":{"loc":{"start":{"line":6,"column":2},"end":{"line":8,"column":3}},"type":"if","locations":[{"start":{"line":6,"column":2},"end":{"line":8,"column":3}},{"start":{},"end":{}}],"line":6}},"s":{"0":7,"1":2,"2":2,"3":2,"4":1,"5":1,"6":1,"7":1,"8":0,"9":0,"10":0,"11":0,"12":1,"13":1,"14":7},"f":{"0":2,"1":0},"b":{"0":[1,1]},"_coverageSchema":"1a1c01bbd47fc00a2c39e90264f33305004495a9","hash":"3dfdae46b111604e89434bf17448563995371fe9"}
,"C:\\Users\\Cherise\\Desktop\\projects\\invoice-seng2021-24t1-eggs\\backend\\functions\\hasReceivedInvoiceId.js": {"path":"C:\\Users\\Cherise\\Desktop\\projects\\invoice-seng2021-24t1-eggs\\backend\\functions\\hasReceivedInvoiceId.js","statementMap":{"0":{"start":{"line":1,"column":13},"end":{"line":1,"column":38}},"1":{"start":{"line":4,"column":12},"end":{"line":4,"column":87}},"2":{"start":{"line":5,"column":14},"end":{"line":5,"column":68}},"3":{"start":{"line":6,"column":2},"end":{"line":10,"column":3}},"4":{"start":{"line":7,"column":4},"end":{"line":7,"column":71}},"5":{"start":{"line":9,"column":4},"end":{"line":9,"column":67}},"6":{"start":{"line":13,"column":0},"end":{"line":13,"column":38}}},"fnMap":{"0":{"name":"hasReceivedInvoiceId","decl":{"start":{"line":3,"column":15},"end":{"line":3,"column":35}},"loc":{"start":{"line":3,"column":62},"end":{"line":11,"column":1}},"line":3}},"branchMap":{"0":{"loc":{"start":{"line":6,"column":2},"end":{"line":10,"column":3}},"type":"if","locations":[{"start":{"line":6,"column":2},"end":{"line":10,"column":3}},{"start":{"line":8,"column":9},"end":{"line":10,"column":3}}],"line":6}},"s":{"0":7,"1":2,"2":2,"3":2,"4":1,"5":1,"6":7},"f":{"0":2},"b":{"0":[1,1]},"_coverageSchema":"1a1c01bbd47fc00a2c39e90264f33305004495a9","hash":"7e00c461190755e4bb6e6fb862abe7fda72985d2"}
,"C:\\Users\\Cherise\\Desktop\\projects\\invoice-seng2021-24t1-eggs\\backend\\functions\\receiveEmail.js": {"path":"C:\\Users\\Cherise\\Desktop\\projects\\invoice-seng2021-24t1-eggs\\backend\\functions\\receiveEmail.js","statementMap":{"0":{"start":{"line":1,"column":13},"end":{"line":1,"column":38}},"1":{"start":{"line":2,"column":20},"end":{"line":2,"column":42}},"2":{"start":{"line":5,"column":2},"end":{"line":20,"column":3}},"3":{"start":{"line":6,"column":22},"end":{"line":6,"column":87}},"4":{"start":{"line":7,"column":12},"end":{"line":7,"column":112}},"5":{"start":{"line":8,"column":23},"end":{"line":8,"column":79}},"6":{"start":{"line":9,"column":4},"end":{"line":16,"column":5}},"7":{"start":{"line":10,"column":6},"end":{"line":10,"column":52}},"8":{"start":{"line":12,"column":6},"end":{"line":15,"column":8}},"9":{"start":{"line":18,"column":4},"end":{"line":18,"column":61}},"10":{"start":{"line":19,"column":4},"end":{"line":19,"column":16}},"11":{"start":{"line":23,"column":0},"end":{"line":23,"column":30}}},"fnMap":{"0":{"name":"receiveEmail","decl":{"start":{"line":4,"column":15},"end":{"line":4,"column":27}},"loc":{"start":{"line":4,"column":44},"end":{"line":21,"column":1}},"line":4}},"branchMap":{"0":{"loc":{"start":{"line":9,"column":4},"end":{"line":16,"column":5}},"type":"if","locations":[{"start":{"line":9,"column":4},"end":{"line":16,"column":5}},{"start":{"line":11,"column":11},"end":{"line":16,"column":5}}],"line":9}},"s":{"0":7,"1":7,"2":5,"3":5,"4":5,"5":5,"6":5,"7":3,"8":2,"9":3,"10":3,"11":7},"f":{"0":5},"b":{"0":[3,2]},"_coverageSchema":"1a1c01bbd47fc00a2c39e90264f33305004495a9","hash":"8771655711bfa711f2cbe1b845583c6867363ad6"}
,"C:\\Users\\Cherise\\Desktop\\projects\\invoice-seng2021-24t1-eggs\\backend\\functions\\receiveReport.js": {"path":"C:\\Users\\Cherise\\Desktop\\projects\\invoice-seng2021-24t1-eggs\\backend\\functions\\receiveReport.js","statementMap":{"0":{"start":{"line":1,"column":18},"end":{"line":1,"column":34}},"1":{"start":{"line":2,"column":0},"end":{"line":2,"column":27}},"2":{"start":{"line":3,"column":13},"end":{"line":3,"column":38}},"3":{"start":{"line":8,"column":2},"end":{"line":11,"column":3}},"4":{"start":{"line":9,"column":4},"end":{"line":9,"column":40}},"5":{"start":{"line":10,"column":4},"end":{"line":10,"column":25}},"6":{"start":{"line":14,"column":20},"end":{"line":14,"column":60}},"7":{"start":{"line":15,"column":13},"end":{"line":15,"column":47}},"8":{"start":{"line":16,"column":2},"end":{"line":19,"column":3}},"9":{"start":{"line":17,"column":4},"end":{"line":17,"column":40}},"10":{"start":{"line":18,"column":4},"end":{"line":18,"column":25}},"11":{"start":{"line":20,"column":2},"end":{"line":20,"column":28}},"12":{"start":{"line":22,"column":22},"end":{"line":22,"column":151}},"13":{"start":{"line":23,"column":15},"end":{"line":23,"column":51}},"14":{"start":{"line":25,"column":13},"end":{"line":25,"column":106}},"15":{"start":{"line":25,"column":34},"end":{"line":25,"column":105}},"16":{"start":{"line":26,"column":14},"end":{"line":26,"column":25}},"17":{"start":{"line":27,"column":16},"end":{"line":27,"column":48}},"18":{"start":{"line":29,"column":14},"end":{"line":29,"column":48}},"19":{"start":{"line":30,"column":16},"end":{"line":30,"column":39}},"20":{"start":{"line":31,"column":18},"end":{"line":31,"column":50}},"21":{"start":{"line":33,"column":2},"end":{"line":33,"column":22}},"22":{"start":{"line":34,"column":2},"end":{"line":34,"column":57}},"23":{"start":{"line":35,"column":2},"end":{"line":35,"column":22}},"24":{"start":{"line":36,"column":2},"end":{"line":36,"column":95}},"25":{"start":{"line":37,"column":2},"end":{"line":37,"column":22}},"26":{"start":{"line":38,"column":2},"end":{"line":38,"column":73}},"27":{"start":{"line":39,"column":2},"end":{"line":43,"column":5}},"28":{"start":{"line":44,"column":2},"end":{"line":44,"column":33}},"29":{"start":{"line":46,"column":0},"end":{"line":46,"column":35}}},"fnMap":{"0":{"name":"generateReceivePdf","decl":{"start":{"line":6,"column":15},"end":{"line":6,"column":33}},"loc":{"start":{"line":6,"column":39},"end":{"line":45,"column":1}},"line":6},"1":{"name":"(anonymous_1)","decl":{"start":{"line":25,"column":27},"end":{"line":25,"column":28}},"loc":{"start":{"line":25,"column":34},"end":{"line":25,"column":105}},"line":25}},"branchMap":{"0":{"loc":{"start":{"line":8,"column":2},"end":{"line":11,"column":3}},"type":"if","locations":[{"start":{"line":8,"column":2},"end":{"line":11,"column":3}},{"start":{},"end":{}}],"line":8},"1":{"loc":{"start":{"line":16,"column":2},"end":{"line":19,"column":3}},"type":"if","locations":[{"start":{"line":16,"column":2},"end":{"line":19,"column":3}},{"start":{},"end":{}}],"line":16}},"s":{"0":7,"1":7,"2":7,"3":5,"4":1,"5":1,"6":4,"7":4,"8":4,"9":1,"10":1,"11":2,"12":2,"13":2,"14":2,"15":2,"16":2,"17":2,"18":2,"19":2,"20":2,"21":2,"22":2,"23":2,"24":2,"25":2,"26":2,"27":2,"28":2,"29":7},"f":{"0":5,"1":2},"b":{"0":[1,4],"1":[1,2]},"_coverageSchema":"1a1c01bbd47fc00a2c39e90264f33305004495a9","hash":"18336a31a62156ed0293cad7ea1a62aa48f87345"}
,"C:\\Users\\Cherise\\Desktop\\projects\\invoice-seng2021-24t1-eggs\\backend\\functions\\sendEmailWithMultXML.js": {"path":"C:\\Users\\Cherise\\Desktop\\projects\\invoice-seng2021-24t1-eggs\\backend\\functions\\sendEmailWithMultXML.js","statementMap":{"0":{"start":{"line":1,"column":19},"end":{"line":1,"column":40}},"1":{"start":{"line":2,"column":11},"end":{"line":2,"column":33}},"2":{"start":{"line":3,"column":13},"end":{"line":3,"column":38}},"3":{"start":{"line":6,"column":29},"end":{"line":16,"column":4}},"4":{"start":{"line":7,"column":4},"end":{"line":9,"column":5}},"5":{"start":{"line":8,"column":6},"end":{"line":8,"column":94}},"6":{"start":{"line":10,"column":4},"end":{"line":10,"column":60}},"7":{"start":{"line":11,"column":4},"end":{"line":15,"column":6}},"8":{"start":{"line":18,"column":22},"end":{"line":18,"column":59}},"9":{"start":{"line":20,"column":20},"end":{"line":29,"column":4}},"10":{"start":{"line":31,"column":22},"end":{"line":37,"column":3}},"11":{"start":{"line":39,"column":13},"end":{"line":39,"column":52}},"12":{"start":{"line":40,"column":2},"end":{"line":40,"column":50}},"13":{"start":{"line":42,"column":21},"end":{"line":42,"column":23}},"14":{"start":{"line":44,"column":2},"end":{"line":60,"column":3}},"15":{"start":{"line":45,"column":4},"end":{"line":53,"column":5}},"16":{"start":{"line":46,"column":24},"end":{"line":46,"column":80}},"17":{"start":{"line":47,"column":18},"end":{"line":47,"column":131}},"18":{"start":{"line":48,"column":24},"end":{"line":48,"column":98}},"19":{"start":{"line":49,"column":6},"end":{"line":49,"column":33}},"20":{"start":{"line":51,"column":6},"end":{"line":51,"column":98}},"21":{"start":{"line":52,"column":6},"end":{"line":52,"column":65}},"22":{"start":{"line":55,"column":4},"end":{"line":55,"column":25}},"23":{"start":{"line":56,"column":4},"end":{"line":56,"column":16}},"24":{"start":{"line":58,"column":28},"end":{"line":58,"column":85}},"25":{"start":{"line":58,"column":58},"end":{"line":58,"column":84}},"26":{"start":{"line":59,"column":4},"end":{"line":59,"column":39}},"27":{"start":{"line":62,"column":2},"end":{"line":62,"column":20}},"28":{"start":{"line":66,"column":0},"end":{"line":66,"column":42}}},"fnMap":{"0":{"name":"sendEmailWithMultipleXML","decl":{"start":{"line":5,"column":15},"end":{"line":5,"column":39}},"loc":{"start":{"line":5,"column":67},"end":{"line":63,"column":1}},"line":5},"1":{"name":"(anonymous_1)","decl":{"start":{"line":6,"column":42},"end":{"line":6,"column":43}},"loc":{"start":{"line":6,"column":61},"end":{"line":16,"column":3}},"line":6},"2":{"name":"(anonymous_2)","decl":{"start":{"line":58,"column":44},"end":{"line":58,"column":45}},"loc":{"start":{"line":58,"column":58},"end":{"line":58,"column":84}},"line":58}},"branchMap":{"0":{"loc":{"start":{"line":7,"column":4},"end":{"line":9,"column":5}},"type":"if","locations":[{"start":{"line":7,"column":4},"end":{"line":9,"column":5}},{"start":{},"end":{}}],"line":7}},"s":{"0":6,"1":6,"2":6,"3":1,"4":2,"5":0,"6":2,"7":2,"8":1,"9":1,"10":1,"11":1,"12":1,"13":1,"14":1,"15":1,"16":2,"17":2,"18":2,"19":2,"20":2,"21":2,"22":0,"23":0,"24":1,"25":2,"26":1,"27":1,"28":6},"f":{"0":1,"1":2,"2":2},"b":{"0":[0,2]},"_coverageSchema":"1a1c01bbd47fc00a2c39e90264f33305004495a9","hash":"ceec5b4a1f2f91c28f37fd4198b4138f7dbb9668"}
,"C:\\Users\\Cherise\\Desktop\\projects\\invoice-seng2021-24t1-eggs\\backend\\functions\\sendingEmailFunction.js": {"path":"C:\\Users\\Cherise\\Desktop\\projects\\invoice-seng2021-24t1-eggs\\backend\\functions\\sendingEmailFunction.js","statementMap":{"0":{"start":{"line":1,"column":19},"end":{"line":1,"column":40}},"1":{"start":{"line":2,"column":13},"end":{"line":2,"column":38}},"2":{"start":{"line":3,"column":11},"end":{"line":3,"column":33}},"3":{"start":{"line":7,"column":2},"end":{"line":9,"column":3}},"4":{"start":{"line":8,"column":4},"end":{"line":8,"column":67}},"5":{"start":{"line":11,"column":2},"end":{"line":16,"column":3}},"6":{"start":{"line":12,"column":4},"end":{"line":12,"column":44}},"7":{"start":{"line":14,"column":4},"end":{"line":14,"column":54}},"8":{"start":{"line":15,"column":4},"end":{"line":15,"column":16}},"9":{"start":{"line":19,"column":20},"end":{"line":28,"column":4}},"10":{"start":{"line":31,"column":22},"end":{"line":43,"column":3}},"11":{"start":{"line":46,"column":13},"end":{"line":46,"column":52}},"12":{"start":{"line":47,"column":2},"end":{"line":47,"column":50}},"13":{"start":{"line":48,"column":2},"end":{"line":48,"column":28}},"14":{"start":{"line":50,"column":14},"end":{"line":51,"column":43}},"15":{"start":{"line":52,"column":20},"end":{"line":52,"column":104}},"16":{"start":{"line":53,"column":2},"end":{"line":53,"column":44}},"17":{"start":{"line":55,"column":2},"end":{"line":55,"column":94}},"18":{"start":{"line":56,"column":2},"end":{"line":56,"column":50}},"19":{"start":{"line":58,"column":2},"end":{"line":58,"column":19}},"20":{"start":{"line":61,"column":0},"end":{"line":61,"column":34}}},"fnMap":{"0":{"name":"sendEmailWithXML","decl":{"start":{"line":6,"column":15},"end":{"line":6,"column":31}},"loc":{"start":{"line":6,"column":89},"end":{"line":59,"column":1}},"line":6}},"branchMap":{"0":{"loc":{"start":{"line":6,"column":60},"end":{"line":6,"column":87}},"type":"default-arg","locations":[{"start":{"line":6,"column":71},"end":{"line":6,"column":87}}],"line":6},"1":{"loc":{"start":{"line":7,"column":2},"end":{"line":9,"column":3}},"type":"if","locations":[{"start":{"line":7,"column":2},"end":{"line":9,"column":3}},{"start":{},"end":{}}],"line":7}},"s":{"0":6,"1":6,"2":6,"3":1,"4":0,"5":1,"6":1,"7":0,"8":0,"9":1,"10":1,"11":1,"12":1,"13":1,"14":1,"15":1,"16":1,"17":1,"18":1,"19":1,"20":6},"f":{"0":1},"b":{"0":[1],"1":[0,1]},"_coverageSchema":"1a1c01bbd47fc00a2c39e90264f33305004495a9","hash":"77e7a9afd943395fdeab0a5671957fc4ec61a0fc"}
,"C:\\Users\\Cherise\\Desktop\\projects\\invoice-seng2021-24t1-eggs\\backend\\functions\\sentReport.js": {"path":"C:\\Users\\Cherise\\Desktop\\projects\\invoice-seng2021-24t1-eggs\\backend\\functions\\sentReport.js","statementMap":{"0":{"start":{"line":1,"column":18},"end":{"line":1,"column":34}},"1":{"start":{"line":2,"column":0},"end":{"line":2,"column":27}},"2":{"start":{"line":3,"column":13},"end":{"line":3,"column":38}},"3":{"start":{"line":7,"column":22},"end":{"line":7,"column":151}},"4":{"start":{"line":8,"column":15},"end":{"line":8,"column":51}},"5":{"start":{"line":11,"column":20},"end":{"line":11,"column":60}},"6":{"start":{"line":12,"column":13},"end":{"line":12,"column":47}},"7":{"start":{"line":13,"column":2},"end":{"line":13,"column":28}},"8":{"start":{"line":15,"column":13},"end":{"line":15,"column":108}},"9":{"start":{"line":15,"column":34},"end":{"line":15,"column":107}},"10":{"start":{"line":16,"column":14},"end":{"line":16,"column":25}},"11":{"start":{"line":17,"column":16},"end":{"line":17,"column":48}},"12":{"start":{"line":19,"column":14},"end":{"line":19,"column":48}},"13":{"start":{"line":20,"column":16},"end":{"line":20,"column":39}},"14":{"start":{"line":21,"column":18},"end":{"line":21,"column":50}},"15":{"start":{"line":23,"column":2},"end":{"line":23,"column":22}},"16":{"start":{"line":24,"column":2},"end":{"line":24,"column":57}},"17":{"start":{"line":25,"column":2},"end":{"line":25,"column":22}},"18":{"start":{"line":26,"column":2},"end":{"line":26,"column":91}},"19":{"start":{"line":27,"column":2},"end":{"line":27,"column":22}},"20":{"start":{"line":28,"column":2},"end":{"line":28,"column":69}},"21":{"start":{"line":29,"column":2},"end":{"line":33,"column":5}},"22":{"start":{"line":34,"column":2},"end":{"line":34,"column":33}},"23":{"start":{"line":36,"column":0},"end":{"line":36,"column":32}}},"fnMap":{"0":{"name":"generateSentPdf","decl":{"start":{"line":6,"column":15},"end":{"line":6,"column":30}},"loc":{"start":{"line":6,"column":36},"end":{"line":35,"column":1}},"line":6},"1":{"name":"(anonymous_1)","decl":{"start":{"line":15,"column":27},"end":{"line":15,"column":28}},"loc":{"start":{"line":15,"column":34},"end":{"line":15,"column":107}},"line":15}},"branchMap":{},"s":{"0":7,"1":7,"2":7,"3":1,"4":1,"5":1,"6":1,"7":1,"8":1,"9":1,"10":1,"11":1,"12":1,"13":1,"14":1,"15":1,"16":1,"17":1,"18":1,"19":1,"20":1,"21":1,"22":1,"23":7},"f":{"0":1,"1":1},"b":{},"_coverageSchema":"1a1c01bbd47fc00a2c39e90264f33305004495a9","hash":"bc647000da3e2952b46eb9ab267d36be810a756a"}
}
