TN:
SF:database\db.js
FNF:0
FNH:0
DA:1,1
DA:3,1
DA:14,1
LF:3
LH:3
BRF:0
BRH:0
end_of_record
TN:
SF:functions\authLogin.js
FN:5,authLogin
FNF:1
FNH:1
FNDA:3,authLogin
DA:1,1
DA:2,1
DA:3,1
DA:6,3
DA:9,3
DA:10,3
DA:11,1
DA:15,2
DA:17,2
DA:18,2
DA:19,1
DA:22,1
DA:24,1
DA:29,2
DA:30,2
DA:34,1
LF:16
LH:16
BRDA:10,0,0,1
BRDA:10,0,1,2
BRDA:18,1,0,1
BRDA:18,1,1,1
BRF:4
BRH:4
end_of_record
TN:
SF:functions\authRegister.js

FN:6,authRegister
FNF:1
FNH:1
FNDA:4,authRegister
DA:1,1
DA:2,1
DA:3,1
DA:4,1
DA:7,4
DA:9,4
DA:10,4
DA:11,1
DA:15,3
DA:16,3
DA:17,1
DA:21,2
DA:22,2
DA:23,1
DA:27,1
DA:30,1
DA:32,1
DA:33,1
DA:37,3
DA:38,3
DA:42,1
LF:21
LH:21
BRDA:10,0,0,1
BRDA:10,0,1,3
BRDA:16,1,0,1
BRDA:16,1,1,2
BRDA:22,2,0,1
BRDA:22,2,1,1
BRF:6
BRH:6
end_of_record
TN:
SF:functions\getNotifications.js
FN:3,getNotifications
FN:18,(anonymous_1)
FNF:2
FNH:1
FNDA:2,getNotifications
FNDA:0,(anonymous_1)
DA:1,1
DA:4,2
DA:5,2
DA:6,2
DA:7,1
DA:10,1
DA:11,1
DA:15,1
DA:16,0
DA:17,0
DA:18,0
DA:21,1
DA:22,1
DA:25,1
LF:14
LH:11
BRDA:6,0,0,1
BRDA:6,0,1,1
BRF:2
BRH:2
end_of_record
TN:
SF:functions\hasReceivedInvoiceId.js
FN:3,hasReceivedInvoiceId
FNF:1
FNH:1
FNDA:2,hasReceivedInvoiceId
DA:1,1
DA:4,2
DA:5,2
DA:6,2
DA:7,1
DA:9,1
DA:13,1
LF:7
LH:7
BRDA:6,0,0,1
BRDA:6,0,1,1
BRF:2
BRH:2
end_of_record
TN:
SF:functions\receiveEmail.js
FN:4,receiveEmail
FNF:1
FNH:1
FNDA:3,receiveEmail
DA:1,1
DA:2,1
DA:5,3
DA:6,3
DA:7,3
DA:8,2
DA:10,1
DA:11,1
DA:17,2
DA:18,2
DA:22,1
LF:11
LH:11
BRDA:7,0,0,2
BRDA:7,0,1,1
BRF:2
BRH:2
end_of_record
TN:
SF:functions\report.js
FN:6,generateReceivePdf
FN:15,(anonymous_1)
FNF:2
FNH:2
FNDA:1,generateReceivePdf
FNDA:1,(anonymous_1)
DA:1,1
DA:2,1
DA:3,1
DA:7,1
DA:8,1
DA:11,1
DA:12,1
DA:13,1
DA:15,1
DA:16,1
DA:17,1
DA:19,1
DA:20,1
DA:21,1
DA:23,1
DA:24,1
DA:25,1
DA:26,1
DA:27,1
DA:28,1
DA:29,1
DA:34,1
DA:36,1
LF:23
LH:23
BRF:0
BRH:0
end_of_record
TN:
SF:functions\sendEmailWithMultXML.js
FN:5,sendEmailWithMultipleXML
FN:6,(anonymous_1)
FN:52,(anonymous_2)
FNF:3
FNH:3
FNDA:1,sendEmailWithMultipleXML
FNDA:2,(anonymous_1)
FNDA:2,(anonymous_2)
DA:1,1
DA:2,1
DA:3,1
DA:6,1
DA:7,2
DA:8,2
DA:16,1
DA:18,1
DA:29,1
DA:38,1
DA:39,1
DA:40,1
DA:42,1
DA:43,2
DA:44,2
DA:46,2
DA:48,2
DA:49,2
DA:52,2
DA:53,1
DA:57,1
LF:21
LH:21
BRF:0
BRH:0
end_of_record
TN:
SF:functions\sendingEmailFunction.js
FN:7,sendEmailWithXML
FNF:1
FNH:1
FNDA:1,sendEmailWithXML
DA:1,1
DA:2,1
DA:3,1
DA:8,1
DA:11,1
DA:23,1
DA:38,1
DA:39,1
DA:40,1
DA:42,1
DA:44,1
DA:46,1
DA:47,1
DA:50,1
LF:14
LH:14
BRDA:7,0,0,1
BRF:1
BRH:1
end_of_record
