TN:
SF:database\db.js
FNF:0
FNH:0
DA:1,1
DA:3,1
DA:14,1
LF:3
LH:3
BRF:0
BRH:0
end_of_record
TN:
SF:functions\authRegister.js
FN:6,authRegister
FNF:1
FNH:1
FNDA:4,authRegister
DA:1,1
DA:2,1
DA:3,1
DA:4,1
DA:7,4
DA:9,4
DA:10,4
DA:11,1
DA:15,3
DA:16,3
DA:17,1
DA:21,2
DA:22,2
DA:23,1
DA:27,1
DA:30,1
DA:32,1
DA:33,1
DA:37,3
DA:38,3
DA:42,1
LF:21
LH:21
BRDA:10,0,0,1
BRDA:10,0,1,3
BRDA:16,1,0,1
BRDA:16,1,1,2
BRDA:22,2,0,1
BRDA:22,2,1,1
BRF:6
BRH:6
end_of_record
TN:
SF:functions\receiveEmail.js
FN:4,receiveEmail
FNF:1
FNH:1
FNDA:3,receiveEmail
DA:1,1
DA:2,1
DA:5,3
DA:6,3
DA:7,3
DA:8,2
DA:10,1
DA:11,1
DA:17,2
DA:18,2
DA:22,1
LF:11
LH:11
BRDA:7,0,0,2
BRDA:7,0,1,1
BRF:2
BRH:2
end_of_record
TN:
SF:functions\report.js
FN:6,generateReceivePdf
FN:15,(anonymous_1)
FNF:2
FNH:2
FNDA:1,generateReceivePdf
FNDA:1,(anonymous_1)
DA:1,1
DA:2,1
DA:3,1
DA:4,1
DA:7,1
DA:8,1
DA:11,1
DA:12,1
DA:13,1
DA:15,1
DA:16,1
DA:17,1
DA:19,1
DA:20,1
DA:21,1
DA:23,1
DA:24,1
DA:25,1
DA:26,1
DA:27,1
DA:28,1
DA:29,1
DA:35,1
DA:37,1
LF:24
LH:24
BRF:0
BRH:0
end_of_record
TN:
SF:functions\sendingEmailFunction.js
FN:7,sendEmailWithXML
FNF:1
FNH:1
FNDA:1,sendEmailWithXML
DA:1,1
DA:2,1
DA:3,1
DA:8,1
DA:11,1
DA:23,1
DA:38,1
DA:39,1
DA:40,1
DA:41,1
DA:43,1
DA:45,1
DA:47,1
DA:48,1
DA:50,0
DA:54,1
LF:16
LH:15
BRDA:7,0,0,1
BRF:1
BRH:1
end_of_record
