TN:
SF:authLogin.js
FN:5,authLogin
FNF:1
FNH:1
FNDA:3,authLogin
DA:1,1
DA:2,1
DA:3,1
DA:6,3
DA:9,3
DA:10,3
DA:11,1
DA:15,2
DA:17,2
DA:18,2
DA:19,1
DA:22,1
DA:24,1
DA:29,2
DA:30,2
DA:34,1
LF:16
LH:16
BRDA:10,0,0,1
BRDA:10,0,1,2
BRDA:18,1,0,1
BRDA:18,1,1,1
BRF:4
BRH:4
end_of_record
TN:
SF:authRegister.js
FN:6,authRegister
FNF:1
FNH:1
FNDA:4,authRegister
DA:1,1
DA:2,1
DA:3,1
DA:4,1
DA:7,4
DA:9,4
DA:10,4
DA:11,1
DA:15,3
DA:16,3
DA:17,1
DA:21,2
DA:22,2
DA:23,1
DA:27,1
DA:30,1
DA:32,1
DA:33,1
DA:37,3
DA:38,3
DA:42,1
LF:21
LH:21
BRDA:10,0,0,1
BRDA:10,0,1,3
BRDA:16,1,0,1
BRDA:16,1,1,2
BRDA:22,2,0,1
BRDA:22,2,1,1
BRF:6
BRH:6
end_of_record
TN:
SF:receiveEmail.js
FN:4,receiveEmail
FNF:1
FNH:1
FNDA:3,receiveEmail
DA:1,1
DA:2,1
DA:5,3
DA:6,3
DA:7,3
DA:8,2
DA:10,1
DA:11,1
DA:17,2
DA:18,2
DA:22,1
LF:11
LH:11
BRDA:7,0,0,2
BRDA:7,0,1,1
BRF:2
BRH:2
end_of_record
TN:
SF:sendingEmailFunction.js
FN:7,sendEmailWithXML
FNF:1
FNH:1
FNDA:1,sendEmailWithXML
DA:1,1
DA:2,1
DA:3,1
DA:8,1
DA:11,1
DA:23,1
DA:38,1
DA:39,1
DA:40,1
DA:41,1
DA:43,1
DA:45,1
DA:47,1
DA:48,1
DA:50,0
DA:54,1
LF:16
LH:15
BRDA:7,0,0,1
BRF:1
BRH:1
end_of_record
